2026-02-11 09:25:52,417 [INFO] Iniciando automação
2026-02-11 09:26:04,499 [INFO] Iniciando Login
2026-02-11 09:26:45,229 [ERROR] Erro no Login
Traceback (most recent call last):
  File "C:\Users\Neshop\Documents\automacao_playwright\automation\playwright_bot.py", line 68, in login
    self.pagina.get_by_role("button", name="login").click()
    ~~~~~~~~~~~~~~~~~~~~~~~~~~~~~~~~~~~~~~~~~~~~~~~~~~~~~^^
  File "C:\Users\Neshop\AppData\Roaming\Python\Python314\site-packages\playwright\sync_api\_generated.py", line 15631, in click
    self._sync(
    ~~~~~~~~~~^
        self._impl_obj.click(
        ^^^^^^^^^^^^^^^^^^^^^
    ...<10 lines>...
        )
        ^
    )
    ^
  File "C:\Users\Neshop\AppData\Roaming\Python\Python314\site-packages\playwright\_impl\_sync_base.py", line 115, in _sync
    return task.result()
           ~~~~~~~~~~~^^
  File "C:\Users\Neshop\AppData\Roaming\Python\Python314\site-packages\playwright\_impl\_locator.py", line 162, in click
    return await self._frame._click(self._selector, strict=True, **params)
           ^^^^^^^^^^^^^^^^^^^^^^^^^^^^^^^^^^^^^^^^^^^^^^^^^^^^^^^^^^^^^^^
  File "C:\Users\Neshop\AppData\Roaming\Python\Python314\site-packages\playwright\_impl\_frame.py", line 566, in _click
    await self._channel.send("click", self._timeout, locals_to_params(locals()))
  File "C:\Users\Neshop\AppData\Roaming\Python\Python314\site-packages\playwright\_impl\_connection.py", line 69, in send
    return await self._connection.wrap_api_call(
           ^^^^^^^^^^^^^^^^^^^^^^^^^^^^^^^^^^^^^
    ...<3 lines>...
    )
    ^
  File "C:\Users\Neshop\AppData\Roaming\Python\Python314\site-packages\playwright\_impl\_connection.py", line 559, in wrap_api_call
    raise rewrite_error(error, f"{parsed_st['apiName']}: {error}") from None
playwright._impl._errors.TimeoutError: Locator.click: Timeout 30000ms exceeded.
Call log:
  - waiting for get_by_role("button", name="login")

2026-02-11 09:26:45,590 [ERROR] Erro em na automação
Traceback (most recent call last):
  File "C:\Users\Neshop\Documents\automacao_playwright\automation\playwright_bot.py", line 165, in main
    automacao.login()
    ~~~~~~~~~~~~~~~^^
  File "C:\Users\Neshop\Documents\automacao_playwright\automation\playwright_bot.py", line 68, in login
    self.pagina.get_by_role("button", name="login").click()
    ~~~~~~~~~~~~~~~~~~~~~~~~~~~~~~~~~~~~~~~~~~~~~~~~~~~~~^^
  File "C:\Users\Neshop\AppData\Roaming\Python\Python314\site-packages\playwright\sync_api\_generated.py", line 15631, in click
    self._sync(
    ~~~~~~~~~~^
        self._impl_obj.click(
        ^^^^^^^^^^^^^^^^^^^^^
    ...<10 lines>...
        )
        ^
    )
    ^
  File "C:\Users\Neshop\AppData\Roaming\Python\Python314\site-packages\playwright\_impl\_sync_base.py", line 115, in _sync
    return task.result()
           ~~~~~~~~~~~^^
  File "C:\Users\Neshop\AppData\Roaming\Python\Python314\site-packages\playwright\_impl\_locator.py", line 162, in click
    return await self._frame._click(self._selector, strict=True, **params)
           ^^^^^^^^^^^^^^^^^^^^^^^^^^^^^^^^^^^^^^^^^^^^^^^^^^^^^^^^^^^^^^^
  File "C:\Users\Neshop\AppData\Roaming\Python\Python314\site-packages\playwright\_impl\_frame.py", line 566, in _click
    await self._channel.send("click", self._timeout, locals_to_params(locals()))
  File "C:\Users\Neshop\AppData\Roaming\Python\Python314\site-packages\playwright\_impl\_connection.py", line 69, in send
    return await self._connection.wrap_api_call(
           ^^^^^^^^^^^^^^^^^^^^^^^^^^^^^^^^^^^^^
    ...<3 lines>...
    )
    ^
  File "C:\Users\Neshop\AppData\Roaming\Python\Python314\site-packages\playwright\_impl\_connection.py", line 559, in wrap_api_call
    raise rewrite_error(error, f"{parsed_st['apiName']}: {error}") from None
playwright._impl._errors.TimeoutError: Locator.click: Timeout 30000ms exceeded.
Call log:
  - waiting for get_by_role("button", name="login")

2026-02-11 09:26:47,747 [INFO] Iniciando automação
2026-02-11 09:26:48,776 [INFO] Iniciando Login
2026-02-11 09:27:09,617 [INFO] Login feito com sucesso!!!
2026-02-11 09:27:09,617 [INFO] Inciando programa
2026-02-11 09:27:12,610 [INFO] Indo para o ML1
2026-02-11 09:27:13,331 [INFO] opção ML1 feita com sucesso
2026-02-11 09:27:13,332 [INFO] Iniciando processo de coleta das MLB(s)
2026-02-11 09:27:16,218 [INFO] Inciando processo de importação...
2026-02-11 09:27:20,806 [INFO] Importação feita com sucesso
2026-02-11 09:27:21,096 [ERROR] Erro em na automação
Traceback (most recent call last):
  File "C:\Users\Neshop\Documents\automacao_playwright\automation\playwright_bot.py", line 175, in main
    automacao.relacionar_ml()
    ~~~~~~~~~~~~~~~~~~~~~~~^^
TypeError: TinyAutomation.relacionar_ml() missing 1 required positional argument: 'escolha'
2026-02-11 09:28:55,989 [INFO] Iniciando automação
2026-02-11 09:28:57,057 [INFO] Iniciando Login
2026-02-11 09:29:20,169 [INFO] Login feito com sucesso!!!
2026-02-11 09:29:20,170 [INFO] Inciando programa
2026-02-11 09:29:25,386 [INFO] Indo para o ML1
2026-02-11 09:29:26,049 [INFO] opção ML1 feita com sucesso
2026-02-11 09:29:26,050 [INFO] Iniciando processo de coleta das MLB(s)
2026-02-11 09:29:28,217 [INFO] Inciando processo de importação...
2026-02-11 09:29:32,864 [INFO] Importação feita com sucesso
2026-02-11 09:29:32,864 [INFO] Iniciando processo de relacionar ao ml1
2026-02-11 09:29:49,182 [INFO] Processo de relacionar feito com sucesso ao ml1
2026-02-11 09:29:49,182 [INFO] Iniciando processo de logout
2026-02-11 09:29:56,412 [INFO] Logout realizado com sucesso
2026-02-11 09:29:56,689 [INFO] Automação finalizada com sucesso
2026-02-11 13:12:29,624 [INFO] Iniciando automação
2026-02-11 13:12:42,856 [INFO] Iniciando Login
2026-02-11 13:12:54,428 [ERROR] Erro no Login
Traceback (most recent call last):
  File "C:\Users\Neshop\Documents\automacao_playwright\automation\playwright_bot.py", line 70, in login
    self.pagina.get_by_role("button", name="login").wait_for(state='visible', timeout=10000)
    ~~~~~~~~~~~~~~~~~~~~~~~~~~~~~~~~~~~~~~~~~~~~~~~~~~~~~~~~^^^^^^^^^^^^^^^^^^^^^^^^^^^^^^^^
  File "C:\Users\Neshop\AppData\Roaming\Python\Python314\site-packages\playwright\sync_api\_generated.py", line 18074, in wait_for
    self._sync(self._impl_obj.wait_for(timeout=timeout, state=state))
    ~~~~~~~~~~^^^^^^^^^^^^^^^^^^^^^^^^^^^^^^^^^^^^^^^^^^^^^^^^^^^^^^^
  File "C:\Users\Neshop\AppData\Roaming\Python\Python314\site-packages\playwright\_impl\_sync_base.py", line 115, in _sync
    return task.result()
           ~~~~~~~~~~~^^
  File "C:\Users\Neshop\AppData\Roaming\Python\Python314\site-packages\playwright\_impl\_locator.py", line 710, in wait_for
    await self._frame.wait_for_selector(
        self._selector, strict=True, timeout=timeout, state=state
    )
  File "C:\Users\Neshop\AppData\Roaming\Python\Python314\site-packages\playwright\_impl\_frame.py", line 369, in wait_for_selector
    await self._channel.send(
        "waitForSelector", self._timeout, locals_to_params(locals())
    )
  File "C:\Users\Neshop\AppData\Roaming\Python\Python314\site-packages\playwright\_impl\_connection.py", line 69, in send
    return await self._connection.wrap_api_call(
           ^^^^^^^^^^^^^^^^^^^^^^^^^^^^^^^^^^^^^
    ...<3 lines>...
    )
    ^
  File "C:\Users\Neshop\AppData\Roaming\Python\Python314\site-packages\playwright\_impl\_connection.py", line 559, in wrap_api_call
    raise rewrite_error(error, f"{parsed_st['apiName']}: {error}") from None
playwright._impl._errors.TimeoutError: Locator.wait_for: Timeout 10000ms exceeded.
Call log:
  - waiting for get_by_role("button", name="login") to be visible
    - waiting for" https://erp.olist.com/" navigation to finish...
    - navigated to "https://erp.olist.com/"

2026-02-11 13:12:54,805 [ERROR] Erro em na automação
Traceback (most recent call last):
  File "C:\Users\Neshop\Documents\automacao_playwright\automation\playwright_bot.py", line 184, in main
    automacao.login()
    ~~~~~~~~~~~~~~~^^
  File "C:\Users\Neshop\Documents\automacao_playwright\automation\playwright_bot.py", line 70, in login
    self.pagina.get_by_role("button", name="login").wait_for(state='visible', timeout=10000)
    ~~~~~~~~~~~~~~~~~~~~~~~~~~~~~~~~~~~~~~~~~~~~~~~~~~~~~~~~^^^^^^^^^^^^^^^^^^^^^^^^^^^^^^^^
  File "C:\Users\Neshop\AppData\Roaming\Python\Python314\site-packages\playwright\sync_api\_generated.py", line 18074, in wait_for
    self._sync(self._impl_obj.wait_for(timeout=timeout, state=state))
    ~~~~~~~~~~^^^^^^^^^^^^^^^^^^^^^^^^^^^^^^^^^^^^^^^^^^^^^^^^^^^^^^^
  File "C:\Users\Neshop\AppData\Roaming\Python\Python314\site-packages\playwright\_impl\_sync_base.py", line 115, in _sync
    return task.result()
           ~~~~~~~~~~~^^
  File "C:\Users\Neshop\AppData\Roaming\Python\Python314\site-packages\playwright\_impl\_locator.py", line 710, in wait_for
    await self._frame.wait_for_selector(
        self._selector, strict=True, timeout=timeout, state=state
    )
  File "C:\Users\Neshop\AppData\Roaming\Python\Python314\site-packages\playwright\_impl\_frame.py", line 369, in wait_for_selector
    await self._channel.send(
        "waitForSelector", self._timeout, locals_to_params(locals())
    )
  File "C:\Users\Neshop\AppData\Roaming\Python\Python314\site-packages\playwright\_impl\_connection.py", line 69, in send
    return await self._connection.wrap_api_call(
           ^^^^^^^^^^^^^^^^^^^^^^^^^^^^^^^^^^^^^
    ...<3 lines>...
    )
    ^
  File "C:\Users\Neshop\AppData\Roaming\Python\Python314\site-packages\playwright\_impl\_connection.py", line 559, in wrap_api_call
    raise rewrite_error(error, f"{parsed_st['apiName']}: {error}") from None
playwright._impl._errors.TimeoutError: Locator.wait_for: Timeout 10000ms exceeded.
Call log:
  - waiting for get_by_role("button", name="login") to be visible
    - waiting for" https://erp.olist.com/" navigation to finish...
    - navigated to "https://erp.olist.com/"

2026-02-11 13:13:04,952 [INFO] Iniciando automação
2026-02-11 13:13:05,980 [INFO] Iniciando Login
2026-02-11 13:13:14,378 [INFO] Login feito com sucesso!!!
2026-02-11 13:13:14,378 [INFO] Inciando programa
2026-02-11 13:13:19,587 [INFO] Indo para o ML1
2026-02-11 13:13:49,632 [ERROR] Erro ao tentar ir ao ML
Traceback (most recent call last):
  File "C:\Users\Neshop\Documents\automacao_playwright\automation\playwright_bot.py", line 90, in ir_ao_ml
    self.pagina.get_by_role("link", name="gerenciar").first.click()
    ~~~~~~~~~~~~~~~~~~~~~~~~~~~~~~~~~~~~~~~~~~~~~~~~~~~~~~~~~~~~~^^
  File "C:\Users\Neshop\AppData\Roaming\Python\Python314\site-packages\playwright\sync_api\_generated.py", line 15631, in click
    self._sync(
    ~~~~~~~~~~^
        self._impl_obj.click(
        ^^^^^^^^^^^^^^^^^^^^^
    ...<10 lines>...
        )
        ^
    )
    ^
  File "C:\Users\Neshop\AppData\Roaming\Python\Python314\site-packages\playwright\_impl\_sync_base.py", line 115, in _sync
    return task.result()
           ~~~~~~~~~~~^^
  File "C:\Users\Neshop\AppData\Roaming\Python\Python314\site-packages\playwright\_impl\_locator.py", line 162, in click
    return await self._frame._click(self._selector, strict=True, **params)
           ^^^^^^^^^^^^^^^^^^^^^^^^^^^^^^^^^^^^^^^^^^^^^^^^^^^^^^^^^^^^^^^
  File "C:\Users\Neshop\AppData\Roaming\Python\Python314\site-packages\playwright\_impl\_frame.py", line 566, in _click
    await self._channel.send("click", self._timeout, locals_to_params(locals()))
  File "C:\Users\Neshop\AppData\Roaming\Python\Python314\site-packages\playwright\_impl\_connection.py", line 69, in send
    return await self._connection.wrap_api_call(
           ^^^^^^^^^^^^^^^^^^^^^^^^^^^^^^^^^^^^^
    ...<3 lines>...
    )
    ^
  File "C:\Users\Neshop\AppData\Roaming\Python\Python314\site-packages\playwright\_impl\_connection.py", line 559, in wrap_api_call
    raise rewrite_error(error, f"{parsed_st['apiName']}: {error}") from None
playwright._impl._errors.TimeoutError: Locator.click: Timeout 30000ms exceeded.
Call log:
  - waiting for get_by_role("link", name="gerenciar").first
    - locator resolved to <a href="?idEcommerce=9641" class="widget-card-link">gerenciar</a>
  - attempting click action
    2 × waiting for element to be visible, enabled and stable
      - element is visible, enabled and stable
      - scrolling into view if needed
      - done scrolling
      - <div id="main-menu-backdrop"></div> intercepts pointer events
    - retrying click action
    - waiting 20ms
    2 × waiting for element to be visible, enabled and stable
      - element is visible, enabled and stable
      - scrolling into view if needed
      - done scrolling
      - <div id="main-menu-backdrop"></div> intercepts pointer events
    - retrying click action
      - waiting 100ms
    56 × waiting for element to be visible, enabled and stable
       - element is visible, enabled and stable
       - scrolling into view if needed
       - done scrolling
       - <div id="main-menu-backdrop"></div> intercepts pointer events
     - retrying click action
       - waiting 500ms

2026-02-11 13:13:49,883 [ERROR] Erro em na automação
Traceback (most recent call last):
  File "C:\Users\Neshop\Documents\automacao_playwright\automation\playwright_bot.py", line 188, in main
    automacao.ir_ao_ml(escolha)
    ~~~~~~~~~~~~~~~~~~^^^^^^^^^
  File "C:\Users\Neshop\Documents\automacao_playwright\automation\playwright_bot.py", line 90, in ir_ao_ml
    self.pagina.get_by_role("link", name="gerenciar").first.click()
    ~~~~~~~~~~~~~~~~~~~~~~~~~~~~~~~~~~~~~~~~~~~~~~~~~~~~~~~~~~~~~^^
  File "C:\Users\Neshop\AppData\Roaming\Python\Python314\site-packages\playwright\sync_api\_generated.py", line 15631, in click
    self._sync(
    ~~~~~~~~~~^
        self._impl_obj.click(
        ^^^^^^^^^^^^^^^^^^^^^
    ...<10 lines>...
        )
        ^
    )
    ^
  File "C:\Users\Neshop\AppData\Roaming\Python\Python314\site-packages\playwright\_impl\_sync_base.py", line 115, in _sync
    return task.result()
           ~~~~~~~~~~~^^
  File "C:\Users\Neshop\AppData\Roaming\Python\Python314\site-packages\playwright\_impl\_locator.py", line 162, in click
    return await self._frame._click(self._selector, strict=True, **params)
           ^^^^^^^^^^^^^^^^^^^^^^^^^^^^^^^^^^^^^^^^^^^^^^^^^^^^^^^^^^^^^^^
  File "C:\Users\Neshop\AppData\Roaming\Python\Python314\site-packages\playwright\_impl\_frame.py", line 566, in _click
    await self._channel.send("click", self._timeout, locals_to_params(locals()))
  File "C:\Users\Neshop\AppData\Roaming\Python\Python314\site-packages\playwright\_impl\_connection.py", line 69, in send
    return await self._connection.wrap_api_call(
           ^^^^^^^^^^^^^^^^^^^^^^^^^^^^^^^^^^^^^
    ...<3 lines>...
    )
    ^
  File "C:\Users\Neshop\AppData\Roaming\Python\Python314\site-packages\playwright\_impl\_connection.py", line 559, in wrap_api_call
    raise rewrite_error(error, f"{parsed_st['apiName']}: {error}") from None
playwright._impl._errors.TimeoutError: Locator.click: Timeout 30000ms exceeded.
Call log:
  - waiting for get_by_role("link", name="gerenciar").first
    - locator resolved to <a href="?idEcommerce=9641" class="widget-card-link">gerenciar</a>
  - attempting click action
    2 × waiting for element to be visible, enabled and stable
      - element is visible, enabled and stable
      - scrolling into view if needed
      - done scrolling
      - <div id="main-menu-backdrop"></div> intercepts pointer events
    - retrying click action
    - waiting 20ms
    2 × waiting for element to be visible, enabled and stable
      - element is visible, enabled and stable
      - scrolling into view if needed
      - done scrolling
      - <div id="main-menu-backdrop"></div> intercepts pointer events
    - retrying click action
      - waiting 100ms
    56 × waiting for element to be visible, enabled and stable
       - element is visible, enabled and stable
       - scrolling into view if needed
       - done scrolling
       - <div id="main-menu-backdrop"></div> intercepts pointer events
     - retrying click action
       - waiting 500ms

2026-02-11 13:16:08,171 [INFO] Iniciando automação
2026-02-11 13:16:09,204 [INFO] Iniciando Login
2026-02-11 13:16:18,453 [INFO] Login feito com sucesso!!!
2026-02-11 13:16:18,465 [INFO] Inciando programa
2026-02-11 13:16:21,273 [INFO] Indo para o ML1
2026-02-11 13:16:22,032 [INFO] opção ML1 feita com sucesso
2026-02-11 13:16:22,032 [INFO] Iniciando processo de coleta das MLB(s)
2026-02-11 13:16:25,697 [INFO] Inciando processo de importação...
2026-02-11 13:16:43,452 [INFO] Importação feita com sucesso
2026-02-11 13:16:43,453 [INFO] Iniciando processo de relacionar ao ml1
2026-02-11 13:16:50,935 [INFO] Processo de relacionar feito com sucesso ao ml1
2026-02-11 13:16:50,935 [INFO] Iniciando processo de logout
2026-02-11 13:16:53,154 [INFO] Logout realizado com sucesso
2026-02-11 13:16:53,432 [INFO] Automação finalizada com sucesso
2026-02-11 13:38:17,559 [INFO] Iniciando automação
2026-02-11 13:38:18,714 [INFO] Iniciando Login
2026-02-11 13:38:30,333 [ERROR] Erro no Login
Traceback (most recent call last):
  File "C:\Users\Neshop\Documents\automacao_playwright\automation\playwright_bot.py", line 67, in login
    self.pagina.get_by_role("button", name="login").wait_for(state='visible', timeout=10000)
    ~~~~~~~~~~~~~~~~~~~~~~~~~~~~~~~~~~~~~~~~~~~~~~~~~~~~~~~~^^^^^^^^^^^^^^^^^^^^^^^^^^^^^^^^
  File "C:\Users\Neshop\AppData\Roaming\Python\Python314\site-packages\playwright\sync_api\_generated.py", line 18074, in wait_for
    self._sync(self._impl_obj.wait_for(timeout=timeout, state=state))
    ~~~~~~~~~~^^^^^^^^^^^^^^^^^^^^^^^^^^^^^^^^^^^^^^^^^^^^^^^^^^^^^^^
  File "C:\Users\Neshop\AppData\Roaming\Python\Python314\site-packages\playwright\_impl\_sync_base.py", line 115, in _sync
    return task.result()
           ~~~~~~~~~~~^^
  File "C:\Users\Neshop\AppData\Roaming\Python\Python314\site-packages\playwright\_impl\_locator.py", line 710, in wait_for
    await self._frame.wait_for_selector(
        self._selector, strict=True, timeout=timeout, state=state
    )
  File "C:\Users\Neshop\AppData\Roaming\Python\Python314\site-packages\playwright\_impl\_frame.py", line 369, in wait_for_selector
    await self._channel.send(
        "waitForSelector", self._timeout, locals_to_params(locals())
    )
  File "C:\Users\Neshop\AppData\Roaming\Python\Python314\site-packages\playwright\_impl\_connection.py", line 69, in send
    return await self._connection.wrap_api_call(
           ^^^^^^^^^^^^^^^^^^^^^^^^^^^^^^^^^^^^^
    ...<3 lines>...
    )
    ^
  File "C:\Users\Neshop\AppData\Roaming\Python\Python314\site-packages\playwright\_impl\_connection.py", line 559, in wrap_api_call
    raise rewrite_error(error, f"{parsed_st['apiName']}: {error}") from None
playwright._impl._errors.TimeoutError: Locator.wait_for: Timeout 10000ms exceeded.
Call log:
  - waiting for get_by_role("button", name="login") to be visible
    - waiting for" https://erp.olist.com/" navigation to finish...
    - navigated to "https://erp.olist.com/"

2026-02-11 13:38:30,714 [ERROR] Erro em na automação
Traceback (most recent call last):
  File "C:\Users\Neshop\Documents\automacao_playwright\automation\playwright_bot.py", line 174, in main
    automacao.login()
    ~~~~~~~~~~~~~~~^^
  File "C:\Users\Neshop\Documents\automacao_playwright\automation\playwright_bot.py", line 67, in login
    self.pagina.get_by_role("button", name="login").wait_for(state='visible', timeout=10000)
    ~~~~~~~~~~~~~~~~~~~~~~~~~~~~~~~~~~~~~~~~~~~~~~~~~~~~~~~~^^^^^^^^^^^^^^^^^^^^^^^^^^^^^^^^
  File "C:\Users\Neshop\AppData\Roaming\Python\Python314\site-packages\playwright\sync_api\_generated.py", line 18074, in wait_for
    self._sync(self._impl_obj.wait_for(timeout=timeout, state=state))
    ~~~~~~~~~~^^^^^^^^^^^^^^^^^^^^^^^^^^^^^^^^^^^^^^^^^^^^^^^^^^^^^^^
  File "C:\Users\Neshop\AppData\Roaming\Python\Python314\site-packages\playwright\_impl\_sync_base.py", line 115, in _sync
    return task.result()
           ~~~~~~~~~~~^^
  File "C:\Users\Neshop\AppData\Roaming\Python\Python314\site-packages\playwright\_impl\_locator.py", line 710, in wait_for
    await self._frame.wait_for_selector(
        self._selector, strict=True, timeout=timeout, state=state
    )
  File "C:\Users\Neshop\AppData\Roaming\Python\Python314\site-packages\playwright\_impl\_frame.py", line 369, in wait_for_selector
    await self._channel.send(
        "waitForSelector", self._timeout, locals_to_params(locals())
    )
  File "C:\Users\Neshop\AppData\Roaming\Python\Python314\site-packages\playwright\_impl\_connection.py", line 69, in send
    return await self._connection.wrap_api_call(
           ^^^^^^^^^^^^^^^^^^^^^^^^^^^^^^^^^^^^^
    ...<3 lines>...
    )
    ^
  File "C:\Users\Neshop\AppData\Roaming\Python\Python314\site-packages\playwright\_impl\_connection.py", line 559, in wrap_api_call
    raise rewrite_error(error, f"{parsed_st['apiName']}: {error}") from None
playwright._impl._errors.TimeoutError: Locator.wait_for: Timeout 10000ms exceeded.
Call log:
  - waiting for get_by_role("button", name="login") to be visible
    - waiting for" https://erp.olist.com/" navigation to finish...
    - navigated to "https://erp.olist.com/"

2026-02-11 13:38:33,044 [INFO] Iniciando automação
2026-02-11 13:38:34,181 [INFO] Iniciando Login
2026-02-11 13:38:42,342 [INFO] Login feito com sucesso!!!
2026-02-11 13:38:42,342 [INFO] Inciando programa
2026-02-11 13:38:46,535 [WARNING] Opção invalida: 4
2026-02-11 13:38:52,567 [WARNING] Opção invalida: d
2026-02-11 13:38:56,615 [INFO] A opção 1 foi armazenada com sucesso
2026-02-11 13:38:56,615 [INFO] Indo para o ML1
2026-02-11 13:39:01,535 [INFO] opção ML1 feita com sucesso
2026-02-11 13:39:01,536 [INFO] Iniciando processo de coleta das MLB(s)
2026-02-11 13:39:09,544 [INFO] Inciando processo de importação...
2026-02-11 13:39:12,588 [INFO] Importação feita com sucesso
2026-02-11 13:39:12,588 [INFO] Iniciando processo de relacionar ao ml1
2026-02-11 13:39:18,833 [INFO] Processo de relacionar feito com sucesso ao ml1
2026-02-11 13:39:18,833 [INFO] Iniciando processo de logout
2026-02-11 13:39:20,798 [INFO] Logout realizado com sucesso
2026-02-11 13:39:21,090 [INFO] Automação finalizada com sucesso
2026-02-11 13:40:29,197 [INFO] Iniciando automação
2026-02-11 13:40:30,195 [INFO] Iniciando Login
2026-02-11 13:41:11,640 [ERROR] Erro no Login
Traceback (most recent call last):
  File "C:\Users\Neshop\Documents\automacao_playwright\automation\playwright_bot.py", line 67, in login
    self.pagina.get_by_role("button", name="login").wait_for(state='visible', timeout=40000)
    ~~~~~~~~~~~~~~~~~~~~~~~~~~~~~~~~~~~~~~~~~~~~~~~~~~~~~~~~^^^^^^^^^^^^^^^^^^^^^^^^^^^^^^^^
  File "C:\Users\Neshop\AppData\Roaming\Python\Python314\site-packages\playwright\sync_api\_generated.py", line 18074, in wait_for
    self._sync(self._impl_obj.wait_for(timeout=timeout, state=state))
    ~~~~~~~~~~^^^^^^^^^^^^^^^^^^^^^^^^^^^^^^^^^^^^^^^^^^^^^^^^^^^^^^^
  File "C:\Users\Neshop\AppData\Roaming\Python\Python314\site-packages\playwright\_impl\_sync_base.py", line 115, in _sync
    return task.result()
           ~~~~~~~~~~~^^
  File "C:\Users\Neshop\AppData\Roaming\Python\Python314\site-packages\playwright\_impl\_locator.py", line 710, in wait_for
    await self._frame.wait_for_selector(
        self._selector, strict=True, timeout=timeout, state=state
    )
  File "C:\Users\Neshop\AppData\Roaming\Python\Python314\site-packages\playwright\_impl\_frame.py", line 369, in wait_for_selector
    await self._channel.send(
        "waitForSelector", self._timeout, locals_to_params(locals())
    )
  File "C:\Users\Neshop\AppData\Roaming\Python\Python314\site-packages\playwright\_impl\_connection.py", line 69, in send
    return await self._connection.wrap_api_call(
           ^^^^^^^^^^^^^^^^^^^^^^^^^^^^^^^^^^^^^
    ...<3 lines>...
    )
    ^
  File "C:\Users\Neshop\AppData\Roaming\Python\Python314\site-packages\playwright\_impl\_connection.py", line 559, in wrap_api_call
    raise rewrite_error(error, f"{parsed_st['apiName']}: {error}") from None
playwright._impl._errors.TimeoutError: Locator.wait_for: Timeout 40000ms exceeded.
Call log:
  - waiting for get_by_role("button", name="login") to be visible
    - waiting for" https://erp.olist.com/" navigation to finish...
    - navigated to "https://erp.olist.com/"

2026-02-11 13:41:11,981 [ERROR] Erro em na automação
Traceback (most recent call last):
  File "C:\Users\Neshop\Documents\automacao_playwright\automation\playwright_bot.py", line 174, in main
    automacao.login()
    ~~~~~~~~~~~~~~~^^
  File "C:\Users\Neshop\Documents\automacao_playwright\automation\playwright_bot.py", line 67, in login
    self.pagina.get_by_role("button", name="login").wait_for(state='visible', timeout=40000)
    ~~~~~~~~~~~~~~~~~~~~~~~~~~~~~~~~~~~~~~~~~~~~~~~~~~~~~~~~^^^^^^^^^^^^^^^^^^^^^^^^^^^^^^^^
  File "C:\Users\Neshop\AppData\Roaming\Python\Python314\site-packages\playwright\sync_api\_generated.py", line 18074, in wait_for
    self._sync(self._impl_obj.wait_for(timeout=timeout, state=state))
    ~~~~~~~~~~^^^^^^^^^^^^^^^^^^^^^^^^^^^^^^^^^^^^^^^^^^^^^^^^^^^^^^^
  File "C:\Users\Neshop\AppData\Roaming\Python\Python314\site-packages\playwright\_impl\_sync_base.py", line 115, in _sync
    return task.result()
           ~~~~~~~~~~~^^
  File "C:\Users\Neshop\AppData\Roaming\Python\Python314\site-packages\playwright\_impl\_locator.py", line 710, in wait_for
    await self._frame.wait_for_selector(
        self._selector, strict=True, timeout=timeout, state=state
    )
  File "C:\Users\Neshop\AppData\Roaming\Python\Python314\site-packages\playwright\_impl\_frame.py", line 369, in wait_for_selector
    await self._channel.send(
        "waitForSelector", self._timeout, locals_to_params(locals())
    )
  File "C:\Users\Neshop\AppData\Roaming\Python\Python314\site-packages\playwright\_impl\_connection.py", line 69, in send
    return await self._connection.wrap_api_call(
           ^^^^^^^^^^^^^^^^^^^^^^^^^^^^^^^^^^^^^
    ...<3 lines>...
    )
    ^
  File "C:\Users\Neshop\AppData\Roaming\Python\Python314\site-packages\playwright\_impl\_connection.py", line 559, in wrap_api_call
    raise rewrite_error(error, f"{parsed_st['apiName']}: {error}") from None
playwright._impl._errors.TimeoutError: Locator.wait_for: Timeout 40000ms exceeded.
Call log:
  - waiting for get_by_role("button", name="login") to be visible
    - waiting for" https://erp.olist.com/" navigation to finish...
    - navigated to "https://erp.olist.com/"

2026-02-11 13:41:14,554 [INFO] Iniciando automação
2026-02-11 13:41:15,576 [INFO] Iniciando Login
2026-02-11 13:41:24,746 [INFO] Login feito com sucesso!!!
2026-02-11 13:41:24,747 [INFO] Inciando programa
2026-02-11 13:41:27,775 [WARNING] Opção invalida: 4
2026-02-11 13:41:31,735 [INFO] A opção 1 foi armazenada com sucesso
2026-02-11 13:41:31,736 [INFO] Indo para o ML1
2026-02-11 13:41:32,414 [INFO] opção ML1 feita com sucesso
2026-02-11 13:41:32,415 [INFO] Iniciando processo de coleta das MLB(s)
2026-02-11 13:41:37,567 [INFO] Inciando processo de importação...
2026-02-11 13:41:39,697 [INFO] Importação feita com sucesso
2026-02-11 13:41:39,697 [INFO] Iniciando processo de relacionar ao ml1
2026-02-11 13:41:45,319 [INFO] Processo de relacionar feito com sucesso ao ml1
2026-02-11 13:41:45,320 [INFO] Iniciando processo de logout
2026-02-11 13:41:47,303 [INFO] Logout realizado com sucesso
2026-02-11 13:41:47,553 [INFO] Automação finalizada com sucesso
2026-02-11 13:44:47,727 [INFO] Iniciando automação
2026-02-11 13:44:48,748 [INFO] Iniciando Login
2026-02-11 13:44:57,351 [INFO] Login feito com sucesso!!!
2026-02-11 13:44:57,352 [INFO] Inciando programa
2026-02-11 13:45:02,303 [INFO] A opção 1 foi armazenada com sucesso
2026-02-11 13:45:02,304 [INFO] Indo para o ML1
2026-02-11 13:45:02,951 [INFO] opção ML1 feita com sucesso
2026-02-11 13:45:02,951 [INFO] Iniciando processo de coleta das MLB(s)
2026-02-11 13:45:08,983 [INFO] Inciando processo de importação...
2026-02-11 13:45:11,720 [INFO] Importação feita com sucesso
2026-02-11 13:45:11,721 [INFO] Iniciando processo de relacionar ao ml1
2026-02-11 13:45:17,633 [INFO] Processo de relacionar feito com sucesso ao ml1
2026-02-11 13:45:17,633 [INFO] Iniciando processo de logout
2026-02-11 13:45:19,712 [INFO] Logout realizado com sucesso
2026-02-11 13:45:19,979 [INFO] Automação finalizada com sucesso
